2025-11-24T13:13:07.186Z info: MongoDB connected
2025-11-24T13:25:37.567Z info: POST /api/auth/register - IP: ::1
2025-11-24T13:25:37.981Z info: GET /api/tasks - IP: ::1
2025-11-24T13:25:38.019Z info: GET /api/tasks - IP: ::1
2025-11-24T13:26:47.824Z info: POST /api/tasks - IP: ::1
2025-11-24T13:26:53.093Z info: PUT /api/tasks/69245d1745295808f2424b50 - IP: ::1
2025-11-24T13:26:55.770Z info: DELETE /api/tasks/69245d1745295808f2424b50 - IP: ::1
2025-11-24T13:49:03.017Z info: MongoDB connected
2025-11-24T13:49:18.890Z info: GET /api-docs - IP: ::1
2025-11-24T13:49:18.924Z info: GET /api-docs/ - IP: ::1
2025-11-24T13:49:19.046Z info: GET /api-docs/swagger-ui.css - IP: ::1
2025-11-24T13:49:19.138Z info: GET /api-docs/swagger-ui-bundle.js - IP: ::1
2025-11-24T13:49:19.151Z info: GET /api-docs/swagger-ui-standalone-preset.js - IP: ::1
2025-11-24T13:49:19.164Z info: GET /api-docs/swagger-ui-init.js - IP: ::1
2025-11-24T13:49:21.093Z info: GET /api-docs/favicon-32x32.png - IP: ::1
2025-11-24T13:50:00.043Z info: GET /api/v1/auth/register - IP: ::1
2025-11-24T13:51:28.956Z info: GET /api/v1/tasks - IP: ::1
2025-11-24T13:51:29.159Z info: GET /favicon.ico - IP: ::1
2025-11-24T13:51:48.827Z info: GET /api/v1/users - IP: ::1
2025-11-24T13:51:52.581Z info: GET /api/v1/users - IP: ::1
2025-11-24T13:52:19.109Z info: GET /api/v1/auth/register - IP: ::1
2025-11-24T15:05:19.236Z info: POST /api/auth/login - IP: ::1
2025-11-24T15:10:01.437Z info: POST /api/v1/auth/login - IP: ::1
2025-11-24T15:10:01.798Z info: GET /api/v1/tasks - IP: ::1
2025-11-24T15:10:01.834Z info: GET /api/v1/tasks - IP: ::1
2025-11-24T15:23:02.027Z info: MongoDB connected
2025-11-24T15:30:59.182Z info: GET /api/v1/tasks - IP: ::1
2025-11-24T15:30:59.213Z info: GET /api/v1/tasks - IP: ::1
2025-11-24T15:31:17.416Z info: GET /api/v1/tasks - IP: ::1
2025-11-24T15:31:17.434Z info: GET /api/v1/tasks - IP: ::1
2025-11-24T15:31:28.863Z info: GET /api/v1/tasks - IP: ::1
2025-11-24T15:31:28.882Z info: GET /api/v1/tasks - IP: ::1
2025-11-24T15:32:02.122Z info: POST /api/v1/auth/login - IP: ::1
2025-11-24T15:32:02.349Z info: GET /api/v1/tasks - IP: ::1
2025-11-24T15:32:02.367Z info: GET /api/v1/tasks - IP: ::1
2025-11-24T15:33:03.858Z info: GET /api/v1/tasks - IP: ::1
2025-11-24T15:33:03.870Z info: GET /api/v1/tasks - IP: ::1
2025-11-24T15:33:10.401Z info: GET /api/v1/tasks - IP: ::1
2025-11-24T15:33:10.413Z info: GET /api/v1/tasks - IP: ::1
2025-11-24T15:45:37.932Z info: GET /api/v1/tasks - IP: ::1
2025-11-24T15:45:37.938Z info: GET /api/v1/tasks - IP: ::1
2025-11-24T15:46:48.138Z info: POST /api/v1/auth/login - IP: ::1
2025-11-24T15:46:48.353Z info: GET /api/v1/tasks - IP: ::1
2025-11-24T15:46:48.374Z info: GET /api/v1/tasks - IP: ::1
2025-11-24T15:53:33.822Z info: MongoDB connected
2025-11-24T15:54:04.194Z info: MongoDB connected
2025-11-24T15:54:21.305Z info: GET /api/v1/tasks - IP: ::1
2025-11-24T15:54:21.371Z info: GET /api/v1/tasks - IP: ::1
2025-11-24T15:55:02.747Z info: POST /api/v1/auth/login - IP: ::1
2025-11-24T15:55:02.969Z info: GET /api/v1/tasks - IP: ::1
2025-11-24T15:55:02.992Z info: GET /api/v1/tasks - IP: ::1
2025-11-24T15:55:05.376Z info: GET /api/v1/users - IP: ::1
2025-11-24T15:55:05.395Z info: GET /api/v1/users - IP: ::1
2025-11-24T15:55:16.191Z info: GET /api/v1/tasks - IP: ::1
2025-11-24T15:55:16.206Z info: GET /api/v1/tasks - IP: ::1
2025-11-24T15:57:14.104Z info: POST /api/v1/auth/register - IP: ::1
2025-11-24T15:57:14.360Z info: GET /api/v1/tasks - IP: ::1
2025-11-24T15:57:14.376Z info: GET /api/v1/tasks - IP: ::1
2025-11-24T15:57:37.464Z info: POST /api/v1/tasks - IP: ::1
2025-11-24T15:58:01.984Z info: POST /api/v1/auth/login - IP: ::1
2025-11-24T15:58:02.179Z info: GET /api/v1/tasks - IP: ::1
2025-11-24T15:58:02.197Z info: GET /api/v1/tasks - IP: ::1
2025-11-24T15:58:03.819Z info: GET /api/v1/users - IP: ::1
2025-11-24T15:58:03.833Z info: GET /api/v1/users - IP: ::1
2025-11-24T16:02:21.452Z info: MongoDB connected
2025-11-24T16:02:59.000Z info: GET /api/v1/users - IP: ::1
2025-11-24T16:02:59.073Z info: GET /api/v1/users - IP: ::1
2025-11-24T16:03:03.026Z info: GET /api/v1/tasks - IP: ::1
2025-11-24T16:03:03.042Z info: GET /api/v1/tasks - IP: ::1
2025-11-24T18:01:52.845Z info: GET /api/v1/tasks - IP: ::1
2025-11-24T18:01:52.854Z info: GET /api/v1/tasks - IP: ::1
2025-11-24T18:09:33.280Z info: GET /api/v1/tasks - IP: ::1
2025-11-24T18:09:33.298Z info: GET /api/v1/tasks - IP: ::1
2025-11-24T18:10:12.627Z info: GET /api/v1/tasks - IP: ::1
2025-11-24T18:13:18.437Z info: POST /api/v1/auth/login - IP: ::1
2025-11-24T18:13:18.713Z info: GET /api/v1/tasks - IP: ::1
2025-11-24T18:13:18.730Z info: GET /api/v1/tasks - IP: ::1
2025-11-24T18:13:21.287Z info: GET /api/v1/users - IP: ::1
2025-11-24T18:13:21.307Z info: GET /api/v1/users - IP: ::1
2025-11-24T18:13:37.390Z info: GET /api/v1/users - IP: ::1
2025-11-24T18:13:37.406Z info: GET /api/v1/users - IP: ::1
2025-11-24T18:13:43.542Z info: GET /api/v1/users - IP: ::1
2025-11-24T18:13:43.560Z info: GET /api/v1/users - IP: ::1
2025-11-24T18:13:44.585Z info: GET /api/v1/users - IP: ::1
2025-11-24T18:13:44.601Z info: GET /api/v1/users - IP: ::1
2025-11-24T18:13:48.661Z info: GET /api/v1/users - IP: ::1
2025-11-24T18:13:48.675Z info: GET /api/v1/users - IP: ::1
2025-11-24T18:44:48.642Z info: MongoDB connected
2025-11-24T18:47:54.743Z info: MongoDB connected
2025-11-24T18:47:58.904Z info: GET /api/v1/users - IP: ::1
2025-11-24T18:47:59.001Z info: GET /api/v1/users - IP: ::1
2025-11-24T18:49:39.933Z info: MongoDB connected
2025-11-24T18:49:45.624Z info: GET /api/v1/users - IP: ::1
2025-11-24T18:49:45.702Z info: GET /api/v1/users - IP: ::1
2025-11-24T18:49:51.564Z info: GET /api/v1/tasks - IP: ::1
2025-11-24T18:49:51.580Z info: GET /api/v1/tasks - IP: ::1
2025-11-24T18:50:24.349Z info: POST /api/v1/auth/login - IP: ::1
2025-11-24T18:50:37.006Z info: POST /api/v1/auth/login - IP: ::1
2025-11-24T18:50:37.254Z info: GET /api/v1/tasks - IP: ::1
2025-11-24T18:50:37.282Z info: GET /api/v1/tasks - IP: ::1
2025-11-24T18:50:41.057Z info: GET /api/v1/users - IP: ::1
2025-11-24T18:50:41.074Z info: GET /api/v1/users - IP: ::1
2025-11-24T18:57:42.627Z info: GET /api/v1/users - IP: ::1
2025-11-24T18:57:42.653Z info: GET /api/v1/users - IP: ::1
2025-11-24T18:57:43.621Z info: GET /api/v1/users - IP: ::1
2025-11-24T18:58:23.982Z info: GET /api/v1/users/6924805a408e92d35f0ccd38/tasks - IP: ::1
2025-11-24T18:58:28.114Z info: GET /api/v1/users/69245cd145295808f2424b49/tasks - IP: ::1
2025-11-24T18:58:40.775Z info: GET /api/v1/tasks - IP: ::1
2025-11-24T18:58:40.791Z info: GET /api/v1/tasks - IP: ::1
2025-11-24T18:59:23.429Z info: POST /api/v1/tasks - IP: ::1
2025-11-24T18:59:28.994Z info: GET /api/v1/users - IP: ::1
2025-11-24T18:59:29.010Z info: GET /api/v1/users - IP: ::1
2025-11-24T18:59:31.826Z info: GET /api/v1/users/69245cd145295808f2424b49/tasks - IP: ::1
2025-11-24T18:59:41.100Z info: GET /api/v1/users/69245cd145295808f2424b49/tasks - IP: ::1
2025-11-24T18:59:43.303Z info: GET /api/v1/users - IP: ::1
2025-11-24T18:59:43.320Z info: GET /api/v1/users - IP: ::1
2025-11-24T18:59:46.603Z info: GET /api/v1/users/69245cd145295808f2424b49/tasks - IP: ::1
2025-11-24T18:59:48.835Z info: GET /api/v1/users/69245cd145295808f2424b49/tasks - IP: ::1
2025-11-24T18:59:52.428Z info: GET /api/v1/tasks - IP: ::1
2025-11-24T18:59:52.443Z info: GET /api/v1/tasks - IP: ::1
2025-11-24T19:00:34.397Z info: POST /api/v1/auth/login - IP: ::1
2025-11-24T19:00:34.618Z info: GET /api/v1/tasks - IP: ::1
2025-11-24T19:00:34.648Z info: GET /api/v1/tasks - IP: ::1
2025-11-24T19:00:37.905Z info: GET /api/v1/users - IP: ::1
2025-11-24T19:00:37.919Z info: GET /api/v1/users - IP: ::1
2025-11-24T19:00:39.305Z info: GET /api/v1/users/69245cd145295808f2424b49/tasks - IP: ::1
2025-11-24T19:01:49.019Z info: GET /api/v1/users/69245cd145295808f2424b49/tasks - IP: ::1
2025-11-24T19:08:51.715Z info: MongoDB connected
2025-11-24T19:08:58.195Z info: GET /api/v1/users - IP: ::1
2025-11-24T19:08:58.266Z info: GET /api/v1/users - IP: ::1
2025-11-24T19:09:01.520Z info: GET /api/v1/users/69245cd145295808f2424b49/tasks - IP: ::1
2025-11-24T19:09:08.231Z info: GET /api/v1/users/6924805a408e92d35f0ccd38/tasks - IP: ::1
2025-11-24T19:11:10.461Z info: GET /api/v1/tasks - IP: ::1
2025-11-24T19:11:10.478Z info: GET /api/v1/tasks - IP: ::1
2025-11-24T19:11:52.984Z info: POST /api/v1/tasks - IP: ::1
2025-11-24T19:11:56.785Z info: GET /api/v1/users - IP: ::1
2025-11-24T19:11:56.800Z info: GET /api/v1/users - IP: ::1
2025-11-24T19:11:59.734Z info: GET /api/v1/users/69245cd145295808f2424b49/tasks - IP: ::1
2025-11-24T19:13:48.718Z info: GET /api/v1/tasks - IP: ::1
2025-11-24T19:13:48.732Z info: GET /api/v1/tasks - IP: ::1
2025-11-24T19:14:39.815Z info: GET /api/v1/users - IP: ::1
2025-11-24T19:14:39.830Z info: GET /api/v1/users - IP: ::1
2025-11-24T19:14:41.348Z info: GET /api/v1/tasks - IP: ::1
2025-11-24T19:14:41.359Z info: GET /api/v1/tasks - IP: ::1
2025-11-24T19:14:44.075Z info: GET /api/v1/users - IP: ::1
2025-11-24T19:14:44.087Z info: GET /api/v1/users - IP: ::1
2025-11-24T19:14:45.504Z info: GET /api/v1/tasks - IP: ::1
2025-11-24T19:14:45.515Z info: GET /api/v1/tasks - IP: ::1
2025-11-25T05:04:38.111Z info: GET /api/v1/tasks - IP: ::1
2025-11-25T05:11:03.009Z info: GET /api/v1/users - IP: ::1
2025-11-25T05:11:03.034Z info: GET /api/v1/users - IP: ::1
2025-11-25T05:37:18.092Z info: GET /api/v1/users - IP: ::1
2025-11-25T05:37:18.106Z info: GET /api/v1/users - IP: ::1
2025-11-25T05:37:21.835Z info: GET /api/v1/tasks - IP: ::1
2025-11-25T05:37:21.846Z info: GET /api/v1/tasks - IP: ::1
2025-11-25T05:37:22.862Z info: GET /api/v1/users - IP: ::1
2025-11-25T05:37:22.874Z info: GET /api/v1/users - IP: ::1
2025-11-25T05:37:23.898Z info: GET /api/v1/tasks - IP: ::1
2025-11-25T05:37:23.912Z info: GET /api/v1/tasks - IP: ::1
2025-11-25T05:37:25.704Z info: GET /api/v1/users - IP: ::1
2025-11-25T05:37:25.717Z info: GET /api/v1/users - IP: ::1
2025-11-25T05:37:26.588Z info: GET /api/v1/tasks - IP: ::1
2025-11-25T05:37:26.600Z info: GET /api/v1/tasks - IP: ::1
2025-11-25T05:37:28.172Z info: GET /api/v1/users - IP: ::1
2025-11-25T05:37:28.182Z info: GET /api/v1/users - IP: ::1
2025-11-25T05:37:28.902Z info: GET /api/v1/tasks - IP: ::1
2025-11-25T05:37:28.913Z info: GET /api/v1/tasks - IP: ::1
2025-11-25T05:37:29.533Z info: GET /api/v1/users - IP: ::1
2025-11-25T05:37:29.547Z info: GET /api/v1/users - IP: ::1
2025-11-25T05:37:29.957Z info: GET /api/v1/tasks - IP: ::1
2025-11-25T05:37:29.969Z info: GET /api/v1/tasks - IP: ::1
2025-11-25T05:37:30.373Z info: GET /api/v1/users - IP: ::1
2025-11-25T05:37:30.383Z info: GET /api/v1/users - IP: ::1
2025-11-25T05:37:30.793Z info: GET /api/v1/tasks - IP: ::1
2025-11-25T05:37:30.804Z info: GET /api/v1/tasks - IP: ::1
2025-11-25T05:37:33.752Z info: GET /api/v1/users - IP: ::1
2025-11-25T05:37:33.765Z info: GET /api/v1/users - IP: ::1
2025-11-25T05:37:34.813Z info: GET /api/v1/tasks - IP: ::1
2025-11-25T05:37:34.827Z info: GET /api/v1/tasks - IP: ::1
2025-11-25T05:37:39.816Z info: GET /api/v1/users - IP: ::1
2025-11-25T05:37:39.827Z info: GET /api/v1/users - IP: ::1
2025-11-25T05:43:15.056Z info: MongoDB connected
2025-11-25T05:44:31.627Z info: GET /api/v1/users - IP: ::1
2025-11-25T05:44:31.690Z info: GET /api/v1/users - IP: ::1
2025-11-25T05:44:38.829Z info: GET /api/v1/tasks - IP: ::1
2025-11-25T05:44:38.847Z info: GET /api/v1/tasks - IP: ::1
2025-11-25T05:45:47.572Z info: POST /api/v1/auth/register - IP: ::1
2025-11-25T05:46:56.186Z info: POST /api/v1/auth/register - IP: ::1
2025-11-25T05:52:02.608Z info: POST /api/v1/auth/login - IP: ::1
2025-11-25T05:52:45.891Z info: POST /api/v1/auth/register - IP: ::1
2025-11-25T05:52:49.297Z info: POST /api/v1/auth/register - IP: ::1
2025-11-25T05:56:37.361Z info: POST /api/v1/auth/login - IP: ::1
2025-11-25T05:57:47.417Z info: POST /api/v1/auth/register - IP: ::1
2025-11-25T05:57:58.596Z info: POST /api/v1/auth/register - IP: ::1
2025-11-25T05:58:15.892Z info: POST /api/v1/auth/login - IP: ::1
2025-11-25T05:58:17.994Z info: POST /api/v1/auth/login - IP: ::1
2025-11-25T05:58:20.609Z info: POST /api/v1/auth/login - IP: ::1
2025-11-25T05:58:20.722Z info: POST /api/v1/auth/login - IP: ::1
2025-11-25T05:58:22.291Z info: POST /api/v1/auth/login - IP: ::1
2025-11-25T05:58:25.129Z info: GET /api/v1/tasks - IP: ::1
2025-11-25T05:58:25.146Z info: GET /api/v1/tasks - IP: ::1
2025-11-25T05:59:22.764Z info: POST /api/v1/tasks - IP: ::1
2025-11-25T05:59:35.947Z info: POST /api/v1/auth/login - IP: ::1
2025-11-25T05:59:52.111Z info: GET /api/v1/users - IP: ::1
2025-11-25T05:59:52.123Z info: GET /api/v1/users - IP: ::1
2025-11-25T05:59:54.554Z info: GET /api/v1/users/6925455b7c9197eb5ccd13e7/tasks - IP: ::1
2025-11-25T05:59:58.967Z info: GET /api/v1/tasks - IP: ::1
2025-11-25T05:59:58.980Z info: GET /api/v1/tasks - IP: ::1
2025-11-25T06:04:08.378Z info: GET /api/v1/tasks - IP: ::1
2025-11-25T06:04:08.390Z info: GET /api/v1/tasks - IP: ::1
2025-11-25T06:05:05.787Z info: POST /api/v1/auth/register - IP: ::1
2025-11-25T06:05:07.198Z info: GET /api/v1/tasks - IP: ::1
2025-11-25T06:05:07.210Z info: GET /api/v1/tasks - IP: ::1
2025-11-25T06:06:24.516Z info: POST /api/v1/tasks - IP: ::1
2025-11-25T06:06:50.779Z info: POST /api/v1/auth/login - IP: ::1
2025-11-25T06:06:51.976Z info: GET /api/v1/tasks - IP: ::1
2025-11-25T06:06:52.001Z info: GET /api/v1/tasks - IP: ::1
2025-11-25T06:06:56.984Z info: GET /api/v1/users - IP: ::1
2025-11-25T06:06:57.000Z info: GET /api/v1/users - IP: ::1
2025-11-25T06:08:07.805Z info: GET /api/v1/users/692547117c9197eb5ccd1406/tasks - IP: ::1
2025-11-25T06:08:17.691Z info: GET /api/v1/users/692547117c9197eb5ccd1406/tasks - IP: ::1
2025-11-25T06:08:21.658Z info: PUT /api/v1/users/692547117c9197eb5ccd1406/promote - IP: ::1
2025-11-25T06:08:21.694Z info: GET /api/v1/users - IP: ::1
2025-11-25T06:08:31.083Z info: DELETE /api/v1/users/692547117c9197eb5ccd1406 - IP: ::1
2025-11-25T06:08:31.104Z info: GET /api/v1/users - IP: ::1
2025-11-25T06:37:27.764Z info: MongoDB connected
2025-11-25T06:44:45.984Z info: GET /api/v1/tasks - IP: ::1
2025-11-25T06:44:46.062Z info: GET /api/v1/tasks - IP: ::1
2025-11-25T06:44:46.986Z info: GET /api/v1/users - IP: ::1
2025-11-25T06:44:47.002Z info: GET /api/v1/users - IP: ::1
2025-11-25T06:44:48.347Z info: GET /api/v1/users - IP: ::1
2025-11-25T06:44:48.364Z info: GET /api/v1/users - IP: ::1
2025-11-25T06:51:49.627Z info: MongoDB connected
2025-11-25T06:52:05.650Z info: MongoDB connected
2025-11-25T06:53:08.648Z info: GET /api/v1/users - IP: ::1
2025-11-25T06:53:08.672Z info: GET /api/v1/users - IP: ::1
2025-11-25T06:53:48.399Z info: GET /api/v1/users - IP: ::1
2025-11-25T06:53:48.416Z info: GET /api/v1/users - IP: ::1
2025-11-25T06:54:06.406Z info: PUT /api/v1/users/6925455b7c9197eb5ccd13e7/promote - IP: ::1
2025-11-25T06:54:06.675Z info: GET /api/v1/users - IP: ::1
2025-11-25T06:54:16.564Z info: PUT /api/v1/users/6924805a408e92d35f0ccd38/promote - IP: ::1
2025-11-25T06:54:34.630Z info: POST /api/v1/auth/login - IP: ::1
2025-11-25T06:54:35.838Z info: GET /api/v1/tasks - IP: ::1
2025-11-25T06:54:35.863Z info: GET /api/v1/tasks - IP: ::1
2025-11-25T06:54:38.342Z info: GET /api/v1/users - IP: ::1
2025-11-25T06:54:38.356Z info: GET /api/v1/users - IP: ::1
2025-11-25T06:55:00.667Z info: GET /api/v1/tasks - IP: ::1
2025-11-25T06:55:00.681Z info: GET /api/v1/tasks - IP: ::1
2025-11-25T06:55:23.646Z info: POST /api/v1/auth/login - IP: ::1
2025-11-25T06:55:24.847Z info: GET /api/v1/tasks - IP: ::1
2025-11-25T06:55:24.861Z info: GET /api/v1/tasks - IP: ::1
2025-11-25T06:55:31.379Z info: GET /api/v1/users - IP: ::1
2025-11-25T06:55:31.393Z info: GET /api/v1/users - IP: ::1
2025-11-25T06:55:37.193Z info: GET /api/v1/tasks - IP: ::1
2025-11-25T06:55:37.206Z info: GET /api/v1/tasks - IP: ::1
2025-11-25T06:56:04.077Z info: POST /api/v1/auth/login - IP: ::1
2025-11-25T06:56:49.325Z info: POST /api/v1/auth/register - IP: ::1
2025-11-25T06:56:50.766Z info: GET /api/v1/tasks - IP: ::1
2025-11-25T06:56:50.781Z info: GET /api/v1/tasks - IP: ::1
2025-11-25T06:57:16.939Z info: POST /api/v1/tasks - IP: ::1
2025-11-25T06:57:47.725Z info: POST /api/v1/tasks - IP: ::1
2025-11-25T06:58:35.133Z info: POST /api/v1/auth/login - IP: ::1
2025-11-25T06:58:36.327Z info: GET /api/v1/tasks - IP: ::1
2025-11-25T06:58:36.349Z info: GET /api/v1/tasks - IP: ::1
2025-11-25T06:58:37.864Z info: GET /api/v1/users - IP: ::1
2025-11-25T06:58:37.877Z info: GET /api/v1/users - IP: ::1
2025-11-25T06:58:40.780Z info: GET /api/v1/users/692553313158b4943033335a/tasks - IP: ::1
2025-11-25T07:09:33.528Z info: GET /api/v1/users - IP: ::1
2025-11-25T07:09:33.547Z info: GET /api/v1/users - IP: ::1
2025-11-25T07:10:43.080Z info: GET /api/v1/users - IP: ::1
2025-11-25T07:10:43.096Z info: GET /api/v1/users - IP: ::1
2025-11-25T07:10:46.804Z info: GET /api/v1/users - IP: ::1
2025-11-25T07:10:46.810Z info: GET /api/v1/users - IP: ::1
2025-11-25T07:21:13.587Z info: GET /api/v1/users - IP: ::1
2025-11-25T07:21:13.594Z info: GET /api/v1/users - IP: ::1
2025-11-25T07:28:44.554Z info: GET /api/v1/users/692553313158b4943033335a/tasks - IP: ::1
2025-11-25T07:28:45.598Z info: GET /api/v1/users/692553313158b4943033335a/tasks - IP: ::1
2025-11-25T07:28:50.250Z info: GET /api/v1/tasks - IP: ::1
2025-11-25T07:28:50.262Z info: GET /api/v1/tasks - IP: ::1
2025-11-25T11:57:03.163Z info: GET /api/v1/tasks - IP: ::1
2025-11-25T11:57:03.202Z info: GET /api/v1/tasks - IP: ::1
2025-11-25T12:17:20.934Z info: GET /api/v1/tasks - IP: ::1
2025-11-25T12:17:20.964Z info: GET /api/v1/tasks - IP: ::1
2025-11-25T18:14:49.761Z info: GET /api/v1/tasks - IP: ::1
2025-11-25T18:14:49.849Z info: GET /api/v1/tasks - IP: ::1
2025-11-26T14:12:00.375Z info: MongoDB connected
2025-11-26T14:13:02.659Z info: POST /api/v1/auth/login - IP: ::1
2025-11-26T14:13:03.963Z info: GET /api/v1/tasks - IP: ::1
2025-11-26T14:13:04.003Z info: GET /api/v1/tasks - IP: ::1
2025-11-26T14:13:08.566Z info: GET /api/v1/users - IP: ::1
2025-11-26T14:13:08.585Z info: GET /api/v1/users - IP: ::1
2025-11-26T14:13:12.813Z info: GET /api/v1/tasks - IP: ::1
2025-11-26T14:13:12.827Z info: GET /api/v1/tasks - IP: ::1
2025-11-26T14:14:09.900Z info: POST /api/v1/tasks - IP: ::1
2025-11-26T14:14:15.368Z info: GET /api/v1/users - IP: ::1
2025-11-26T14:14:15.384Z info: GET /api/v1/users - IP: ::1
2025-11-26T14:14:21.777Z info: GET /api/v1/users/692553313158b4943033335a/tasks - IP: ::1
2025-11-26T14:14:23.722Z info: GET /api/v1/users/6925455b7c9197eb5ccd13e7/tasks - IP: ::1
2025-11-26T14:14:25.817Z info: GET /api/v1/users/6924805a408e92d35f0ccd38/tasks - IP: ::1
2025-11-26T14:14:27.353Z info: GET /api/v1/users/69245cd145295808f2424b49/tasks - IP: ::1
2025-11-26T14:14:34.025Z info: GET /api/v1/users/69245cd145295808f2424b49/tasks - IP: ::1
2025-11-26T14:14:41.596Z info: GET /api/v1/tasks - IP: ::1
2025-11-26T14:14:41.609Z info: GET /api/v1/tasks - IP: ::1
2025-11-26T14:15:17.520Z info: GET /api/v1/users - IP: ::1
2025-11-26T14:15:17.535Z info: GET /api/v1/users - IP: ::1
2025-11-26T14:15:42.193Z info: GET /api/v1/users/69245cd145295808f2424b49/tasks - IP: ::1
2025-11-26T14:16:37.280Z info: GET /api/v1/tasks - IP: ::1
2025-11-26T14:16:37.292Z info: GET /api/v1/tasks - IP: ::1
2025-11-26T14:35:47.554Z info: POST /api/v1/auth/login - IP: ::1
2025-11-26T16:24:47.574Z info: MongoDB connected
2025-11-26T16:25:11.497Z info: MongoDB connected
2025-11-26T16:25:22.714Z info: MongoDB connected
2025-11-26T16:25:44.860Z info: MongoDB connected
2025-11-26T16:26:00.985Z info: MongoDB connected
2025-11-26T16:26:29.822Z info: MongoDB connected
2025-11-26T16:27:32.261Z info: POST /api/v1/auth/login - IP: ::1
2025-11-26T16:27:32.727Z error: Login failed - incorrect password for: patilshivraj8767@gmail.com
2025-11-26T16:29:02.228Z info: POST /api/v1/auth/login - IP: ::1
2025-11-26T16:29:03.520Z info: GET /api/v1/tasks - IP: ::1
2025-11-26T16:29:03.558Z info: GET /api/v1/tasks - IP: ::1
2025-11-26T16:29:27.642Z info: POST /api/v1/tasks - IP: ::1
2025-11-26T16:29:41.379Z info: DELETE /api/v1/tasks/69272ae772f3a0cef71f3130 - IP: ::1
2025-11-26T16:30:19.610Z info: POST /api/v1/auth/login - IP: ::1
2025-11-26T16:30:19.617Z error: Login failed - user not found: maddysam.0808@gmail.com
2025-11-26T16:31:54.373Z info: POST /api/v1/auth/register - IP: ::1
2025-11-26T16:31:54.382Z error: Register failed - email already registered: patilshivraj8767@gmail.com
2025-11-26T16:33:45.387Z info: MongoDB connected
2025-11-26T16:48:52.513Z info: MongoDB connected
2025-11-26T16:49:52.609Z info: MongoDB connected
2025-11-26T16:50:38.425Z info: POST /api/v1/auth/login - IP: ::1
2025-11-26T16:50:39.747Z info: GET /api/v1/tasks - IP: ::1
2025-11-26T16:50:39.780Z info: GET /api/v1/tasks - IP: ::1
2025-11-26T16:50:40.602Z info: GET /api/v1/users - IP: ::1
2025-11-26T16:50:40.625Z info: GET /api/v1/users - IP: ::1
2025-11-26T16:50:42.371Z info: GET /api/v1/tasks - IP: ::1
2025-11-26T16:50:42.386Z info: GET /api/v1/tasks - IP: ::1
2025-11-26T16:50:45.679Z info: GET /api/v1/users - IP: ::1
2025-11-26T16:50:45.694Z info: GET /api/v1/users - IP: ::1
2025-11-26T16:50:48.637Z info: GET /api/v1/tasks - IP: ::1
2025-11-26T16:50:48.650Z info: GET /api/v1/tasks - IP: ::1
